02:30 Vanh26hihihi: /w 
11:20 Hasakine1235: vãi pịa
11:20 Vanh26hihihi: sao
11:20 Hasakine1235: san bằng tất cả ad
11:20 Vanh26hihihi: phong cach
11:20 Hasakine1235: :)
11:20 Hasakine1235: để e phụ
11:23 Hasakine1235: a thu hoạch hộ e à
11:25 Hasakine1235: e san bằng hết đất nhé
11:46 Hasakine1235: shop
12:14 minhzuki    : anh kiên nhớ cái skin này ko
12:14 Kien274934  : đâu
12:14 Kien274934  : skin trc t dùng à
12:15 minhzuki    : skin trc em dùng
12:15 minhzuki    : xong mất
12:15 minhzuki    : giờ kiếm lại đc :))
12:26 Hasakine1235:  placed a sign @ world: x44, z-20
  kc trả ở rự
12:26 Hasakine1235:  placed a sign @ world: x44, z-23
  hang tư
  nhâiq
12:29 minhzuki    : nayz anh ấn kiểu gì mà bán đc nhiều money v
12:37 Vanh26hihi  : mua đuốc đi ae
12:38 Kien274934  : bán v ai mua ?
12:38 Vanh26hihi  : ah
12:38 minhzuki    : :)))
12:38 Kien274934  : phải có người mua như fifa ý
12:38 Kien274934  : ko. phải bán đc hết đâu
12:44 Kien274934  : nay mưojt ko cu
12:45 Kien274934  : mượt ko
12:45 minhzuki    : bth
12:50 minhzuki    : anh kiên
12:50 minhzuki    : em vay 5k
12:51 Kien274934  : mai trả
12:57 Hasakine1235: anh kiên ê
12:57 Hasakine1235: đưa e cái búa
12:57 Hasakine1235: nhà to thế
12:57 Hasakine1235: nhà to nhưng bên trong để rỗng
13:42 minhzuki    : tp em về
14:03 minhzuki    : tele em về với
14:55 Hasakine1235: anh xây cả trưa à
14:59 Kien274934  : hello e
15:00 Hasakine1235: a xây cả trưa à
15:00 Kien274934  : no
15:00 Hasakine1235: xây to v
15:01 Hasakine1235: mà cái chỗ cạnh nhà e xây j thế
15:01 Kien274934  : đâu
15:01 Hasakine1235: chỗ vanh san bằng ế đang xây cái j bay bay ý
15:01 Kien274934  : ảnh
15:03 Kien274934  : thamw nhà a chưa
15:04 Hasakine1235: có mấy con ske bắn đau lắm 2 tim
15:04 Kien274934  : sang a kê
15:04 Hasakine1235: mà sao hiệu sách to thế bằng nhà e
15:05 Hasakine1235: nhiều rương thế
15:07 Hasakine1235: tí em coppy cái bàn nhé
15:07 Kien274934  : gõ /ah đi
15:08 Kien274934  : có đồ bán chợ đen
15:08 Hasakine1235: là sao
15:08 Kien274934  : gõ /ah
15:08 Hasakine1235: một cái đuốc 9999999
15:08 Kien274934  : thì ko mua :))
15:09 Kien274934  : rẻ thì mua
15:09 Hasakine1235: chát như chanh
15:09 Kien274934  : a bán vài thứ rẻ đó
15:09 Hasakine1235: :))
15:10 Hasakine1235: dưới sông có cướp
15:16 Vanh26hihihi: khó đấy :)))
15:17 minhzuki    : bth thôi
15:17 Kien274934  : chợ đen có đồ rẻ nhé
15:17 Kien274934  : ai nhanh thì được
15:29 minhzuki    : ây anh chỉnh về peace full em xây nốt cái
15:36 minhzuki    : anh kiên
15:36 Kien274934  : sao
15:36 minhzuki    : up lên chợ đen ít gỗ đi
15:36 minhzuki    : tầm 8-10 stack em mua
15:37 Hasakine1235: cái để bay là j v a kiên
15:37 Kien274934  : cánh elytra
15:38 Hasakine1235: e mua r nhưng lm sao để bay
15:38 Kien274934  : tên lửa
15:38 Kien274934  : nhảy nhảy lấy đà r ấn tên lửa
15:38 Hasakine1235: là j
15:38 Kien274934  : ra youtube ghi cách bay
15:39 Kien274934  : bán r
15:40 Hasakine1235: a có tên lửa ko bán đi e mua
15:40 Kien274934  : 10
15:40 Kien274934  : ok a bán cho 10 cái
15:40 Kien274934  : 100 thôi
15:41 Kien274934  : 20
15:41 Kien274934  : 10
15:42 Kien274934  : mua đi kìa
15:42 minhzuki    : 1 stack là bao nhiêu đây
15:42 Kien274934  : bán r
15:42 Kien274934  : bán r cứ mua đi
15:43 minhzuki    : ah
15:43 minhzuki    : giá cao thế :)))
15:43 Kien274934  : mua ở shop đi
15:43 minhzuki    : vay nốt 1k đi
15:44 Kien274934  : m pay đc t ko
15:44 Kien274934  : pay + tên + tiền
15:44 Kien274934  : pay thử 10$ xem
15:44 Kien274934  : biết lối tý t fix
15:45 Hasakine1235: yeyyyy bay dc r
15:45 Hasakine1235: a kiên ê lấy pháo hoa ở đâu
15:45 Hasakine1235: bao nhiêu cx dc
15:45 Kien274934  : giấy + thuốc súng
15:45 Kien274934  : mua mía làm giấy
15:45 Hasakine1235: có bán ko
15:45 Kien274934  : thuốc súng mua ở mob
15:45 Kien274934  : tự mua tự làm
15:46 Hasakine1235: oke
15:48 Hasakine1235: mía là bomba đúng ko
15:48 Kien274934  : ko
15:48 minhzuki    : sugar cane
17:10 Kien274934: xong rồi
17:36 minhzuki  : lag vai
